<?xml version="1.0" encoding="UTF-8"?>
<testsuite name="SerenityLesson.AcceptanceTestSuite" time="49.428" tests="11" errors="0" skipped="0" failures="0">
  <properties>
[...]
</properties>
  <testcase name="BeforeStories" classname="java.lang.Object" time="0.01"/>
  <testcase name="Given the user is on the Wikionary home page" classname="SerenityLesson.steps.DefinitionSteps" time="18.636"/>
  <testcase name="When the user looks up the definition of the word &apos;apple&apos;" classname="SerenityLesson.steps.DefinitionSteps" time="9.101"/>
  <testcase name="Then they should see the definition &apos;A common, round fruit produced by the tree Malus domestica, cultivated in temperate climates.&apos;" classname="SerenityLesson.steps.DefinitionSteps" time="2.595"/>
  <testcase name="Scenario: Looking up the definition of &apos;apple&apos;" classname="Scenario: Looking up the definition of &apos;apple&apos;" time="2.655"/>
  <testcase name="Given the user is on the Wikionary home page​" classname="SerenityLesson.steps.DefinitionSteps" time="3.172"/>
  <testcase name="When the user looks up the definition of the word &apos;pear&apos;" classname="SerenityLesson.steps.DefinitionSteps" time="6.992"/>
  <testcase name="Then they should see the definition &apos;An edible fruit produced by the pear tree, similar to an apple but elongated towards the stem.&apos;" classname="SerenityLesson.steps.DefinitionSteps" time="1.428"/>
  <testcase name="Scenario: Looking up the definition of &apos;pear&apos;" classname="Scenario: Looking up the definition of &apos;pear&apos;" time="1.433"/>
  <testcase name="LookupADefinition.story" classname="LookupADefinition.story" time="1.619"/>
  <testcase name="AfterStories" classname="java.lang.Object" time="1.787"/>
</testsuite>